{"D:\\Programming\\Udemy\\React and TypeScript\\restApi_nodeTs_server\\src\\router.ts": {"path":"D:\\Programming\\Udemy\\React and TypeScript\\restApi_nodeTs_server\\src\\router.ts","statementMap":{"0":{"start":{"line":1,"column":0},"end":{"line":1,"column":33}},"1":{"start":{"line":2,"column":0},"end":{"line":2,"column":48}},"2":{"start":{"line":4,"column":0},"end":{"line":4,"column":null}},"3":{"start":{"line":12,"column":0},"end":{"line":12,"column":49}},"4":{"start":{"line":14,"column":15},"end":{"line":14,"column":23}},"5":{"start":{"line":17,"column":0},"end":{"line":17,"column":29}},"6":{"start":{"line":19,"column":0},"end":{"line":24,"column":2}},"7":{"start":{"line":26,"column":0},"end":{"line":41,"column":2}},"8":{"start":{"line":34,"column":23},"end":{"line":34,"column":32}},"9":{"start":{"line":43,"column":0},"end":{"line":62,"column":2}},"10":{"start":{"line":52,"column":23},"end":{"line":52,"column":32}},"11":{"start":{"line":64,"column":0},"end":{"line":69,"column":2}},"12":{"start":{"line":71,"column":0},"end":{"line":76,"column":2}},"13":{"start":{"line":78,"column":0},"end":{"line":78,"column":22}}},"fnMap":{"0":{"name":"(anonymous_0)","decl":{"start":{"line":34,"column":12},"end":{"line":34,"column":13}},"loc":{"start":{"line":34,"column":23},"end":{"line":34,"column":32}}},"1":{"name":"(anonymous_1)","decl":{"start":{"line":52,"column":12},"end":{"line":52,"column":13}},"loc":{"start":{"line":52,"column":23},"end":{"line":52,"column":32}}}},"branchMap":{},"s":{"0":2,"1":2,"2":2,"3":2,"4":2,"5":2,"6":2,"7":2,"8":4,"9":2,"10":5,"11":2,"12":2,"13":2},"f":{"0":4,"1":5},"b":{}}
,"D:\\Programming\\Udemy\\React and TypeScript\\restApi_nodeTs_server\\src\\server.ts": {"path":"D:\\Programming\\Udemy\\React and TypeScript\\restApi_nodeTs_server\\src\\server.ts","statementMap":{"0":{"start":{"line":1,"column":0},"end":{"line":1,"column":30}},"1":{"start":{"line":2,"column":0},"end":{"line":2,"column":28}},"2":{"start":{"line":4,"column":0},"end":{"line":4,"column":30}},"3":{"start":{"line":5,"column":0},"end":{"line":5,"column":29}},"4":{"start":{"line":7,"column":15},"end":{"line":7,"column":24}},"5":{"start":{"line":11,"column":2},"end":{"line":19,"column":3}},"6":{"start":{"line":12,"column":4},"end":{"line":12,"column":28}},"7":{"start":{"line":13,"column":4},"end":{"line":13,"column":14}},"8":{"start":{"line":18,"column":4},"end":{"line":18,"column":80}},"9":{"start":{"line":22,"column":0},"end":{"line":22,"column":20}},"10":{"start":{"line":24,"column":0},"end":{"line":24,"column":27}},"11":{"start":{"line":26,"column":0},"end":{"line":26,"column":36}},"12":{"start":{"line":28,"column":0},"end":{"line":30,"column":3}},"13":{"start":{"line":29,"column":2},"end":{"line":29,"column":42}},"14":{"start":{"line":32,"column":0},"end":{"line":32,"column":22}}},"fnMap":{"0":{"name":"connectToDatabase","decl":{"start":{"line":10,"column":15},"end":{"line":10,"column":32}},"loc":{"start":{"line":10,"column":32},"end":{"line":20,"column":1}}},"1":{"name":"(anonymous_2)","decl":{"start":{"line":28,"column":19},"end":{"line":28,"column":20}},"loc":{"start":{"line":28,"column":32},"end":{"line":30,"column":1}}}},"branchMap":{},"s":{"0":2,"1":2,"2":2,"3":2,"4":2,"5":2,"6":2,"7":1,"8":0,"9":2,"10":2,"11":2,"12":2,"13":1,"14":2},"f":{"0":2,"1":1},"b":{}}
,"D:\\Programming\\Udemy\\React and TypeScript\\restApi_nodeTs_server\\src\\config\\db.ts": {"path":"D:\\Programming\\Udemy\\React and TypeScript\\restApi_nodeTs_server\\src\\config\\db.ts","statementMap":{"0":{"start":{"line":1,"column":0},"end":{"line":1,"column":49}},"1":{"start":{"line":2,"column":0},"end":{"line":2,"column":28}},"2":{"start":{"line":4,"column":0},"end":{"line":4,"column":31}},"3":{"start":{"line":6,"column":11},"end":{"line":15,"column":2}},"4":{"start":{"line":17,"column":0},"end":{"line":17,"column":18}}},"fnMap":{},"branchMap":{},"s":{"0":2,"1":2,"2":2,"3":2,"4":2},"f":{},"b":{}}
,"D:\\Programming\\Udemy\\React and TypeScript\\restApi_nodeTs_server\\src\\handlers\\product.ts": {"path":"D:\\Programming\\Udemy\\React and TypeScript\\restApi_nodeTs_server\\src\\handlers\\product.ts","statementMap":{"0":{"start":{"line":2,"column":0},"end":{"line":2,"column":46}},"1":{"start":{"line":4,"column":27},"end":{"line":10,"column":1}},"2":{"start":{"line":5,"column":19},"end":{"line":8,"column":4}},"3":{"start":{"line":9,"column":2},"end":{"line":9,"column":31}},"4":{"start":{"line":4,"column":13},"end":{"line":4,"column":27}},"5":{"start":{"line":12,"column":30},"end":{"line":22,"column":1}},"6":{"start":{"line":14,"column":17},"end":{"line":14,"column":27}},"7":{"start":{"line":15,"column":18},"end":{"line":15,"column":44}},"8":{"start":{"line":17,"column":2},"end":{"line":19,"column":3}},"9":{"start":{"line":18,"column":4},"end":{"line":18,"column":64}},"10":{"start":{"line":21,"column":2},"end":{"line":21,"column":30}},"11":{"start":{"line":12,"column":13},"end":{"line":12,"column":30}},"12":{"start":{"line":24,"column":29},"end":{"line":28,"column":1}},"13":{"start":{"line":26,"column":18},"end":{"line":26,"column":48}},"14":{"start":{"line":27,"column":2},"end":{"line":27,"column":42}},"15":{"start":{"line":24,"column":13},"end":{"line":24,"column":29}},"16":{"start":{"line":30,"column":29},"end":{"line":41,"column":1}},"17":{"start":{"line":31,"column":17},"end":{"line":31,"column":27}},"18":{"start":{"line":32,"column":18},"end":{"line":32,"column":44}},"19":{"start":{"line":34,"column":2},"end":{"line":36,"column":3}},"20":{"start":{"line":35,"column":4},"end":{"line":35,"column":64}},"21":{"start":{"line":39,"column":2},"end":{"line":39,"column":33}},"22":{"start":{"line":40,"column":2},"end":{"line":40,"column":30}},"23":{"start":{"line":30,"column":13},"end":{"line":30,"column":29}},"24":{"start":{"line":43,"column":43},"end":{"line":57,"column":1}},"25":{"start":{"line":47,"column":17},"end":{"line":47,"column":27}},"26":{"start":{"line":48,"column":18},"end":{"line":48,"column":44}},"27":{"start":{"line":50,"column":2},"end":{"line":52,"column":3}},"28":{"start":{"line":51,"column":4},"end":{"line":51,"column":64}},"29":{"start":{"line":55,"column":2},"end":{"line":55,"column":64}},"30":{"start":{"line":56,"column":2},"end":{"line":56,"column":30}},"31":{"start":{"line":43,"column":13},"end":{"line":43,"column":43}},"32":{"start":{"line":59,"column":29},"end":{"line":69,"column":1}},"33":{"start":{"line":60,"column":17},"end":{"line":60,"column":27}},"34":{"start":{"line":61,"column":18},"end":{"line":61,"column":44}},"35":{"start":{"line":63,"column":2},"end":{"line":65,"column":3}},"36":{"start":{"line":64,"column":4},"end":{"line":64,"column":64}},"37":{"start":{"line":67,"column":2},"end":{"line":67,"column":26}},"38":{"start":{"line":68,"column":2},"end":{"line":68,"column":67}},"39":{"start":{"line":59,"column":13},"end":{"line":59,"column":29}}},"fnMap":{"0":{"name":"(anonymous_1)","decl":{"start":{"line":4,"column":27},"end":{"line":4,"column":32}},"loc":{"start":{"line":4,"column":65},"end":{"line":10,"column":1}}},"1":{"name":"(anonymous_2)","decl":{"start":{"line":12,"column":30},"end":{"line":12,"column":35}},"loc":{"start":{"line":12,"column":68},"end":{"line":22,"column":1}}},"2":{"name":"(anonymous_3)","decl":{"start":{"line":24,"column":29},"end":{"line":24,"column":34}},"loc":{"start":{"line":24,"column":67},"end":{"line":28,"column":1}}},"3":{"name":"(anonymous_4)","decl":{"start":{"line":30,"column":29},"end":{"line":30,"column":34}},"loc":{"start":{"line":30,"column":67},"end":{"line":41,"column":1}}},"4":{"name":"(anonymous_5)","decl":{"start":{"line":43,"column":43},"end":{"line":43,"column":48}},"loc":{"start":{"line":46,"column":4},"end":{"line":57,"column":1}}},"5":{"name":"(anonymous_6)","decl":{"start":{"line":59,"column":29},"end":{"line":59,"column":34}},"loc":{"start":{"line":59,"column":67},"end":{"line":69,"column":1}}}},"branchMap":{"0":{"loc":{"start":{"line":17,"column":2},"end":{"line":19,"column":3}},"type":"if","locations":[{"start":{"line":17,"column":2},"end":{"line":19,"column":3}},{"start":{},"end":{}}]},"1":{"loc":{"start":{"line":34,"column":2},"end":{"line":36,"column":3}},"type":"if","locations":[{"start":{"line":34,"column":2},"end":{"line":36,"column":3}},{"start":{},"end":{}}]},"2":{"loc":{"start":{"line":50,"column":2},"end":{"line":52,"column":3}},"type":"if","locations":[{"start":{"line":50,"column":2},"end":{"line":52,"column":3}},{"start":{},"end":{}}]},"3":{"loc":{"start":{"line":63,"column":2},"end":{"line":65,"column":3}},"type":"if","locations":[{"start":{"line":63,"column":2},"end":{"line":65,"column":3}},{"start":{},"end":{}}]}},"s":{"0":2,"1":2,"2":2,"3":2,"4":2,"5":2,"6":2,"7":2,"8":2,"9":1,"10":1,"11":2,"12":2,"13":1,"14":1,"15":2,"16":2,"17":2,"18":2,"19":2,"20":1,"21":1,"22":1,"23":2,"24":2,"25":0,"26":0,"27":0,"28":0,"29":0,"30":0,"31":2,"32":2,"33":2,"34":2,"35":2,"36":1,"37":1,"38":1,"39":2},"f":{"0":2,"1":2,"2":1,"3":2,"4":0,"5":2},"b":{"0":[1,1],"1":[1,1],"2":[0,0],"3":[1,1]}}
,"D:\\Programming\\Udemy\\React and TypeScript\\restApi_nodeTs_server\\src\\middleware\\index.ts": {"path":"D:\\Programming\\Udemy\\React and TypeScript\\restApi_nodeTs_server\\src\\middleware\\index.ts","statementMap":{"0":{"start":{"line":2,"column":0},"end":{"line":2,"column":53}},"1":{"start":{"line":4,"column":33},"end":{"line":14,"column":1}},"2":{"start":{"line":9,"column":15},"end":{"line":9,"column":36}},"3":{"start":{"line":10,"column":2},"end":{"line":12,"column":3}},"4":{"start":{"line":11,"column":4},"end":{"line":11,"column":60}},"5":{"start":{"line":13,"column":2},"end":{"line":13,"column":9}},"6":{"start":{"line":4,"column":13},"end":{"line":4,"column":33}}},"fnMap":{"0":{"name":"(anonymous_0)","decl":{"start":{"line":4,"column":33},"end":{"line":4,"column":null}},"loc":{"start":{"line":8,"column":4},"end":{"line":14,"column":1}}}},"branchMap":{"0":{"loc":{"start":{"line":10,"column":2},"end":{"line":12,"column":3}},"type":"if","locations":[{"start":{"line":10,"column":2},"end":{"line":12,"column":3}},{"start":{},"end":{}}]}},"s":{"0":2,"1":2,"2":15,"3":15,"4":8,"5":7,"6":2},"f":{"0":15},"b":{"0":[8,7]}}
,"D:\\Programming\\Udemy\\React and TypeScript\\restApi_nodeTs_server\\src\\models\\Product.model.ts": {"path":"D:\\Programming\\Udemy\\React and TypeScript\\restApi_nodeTs_server\\src\\models\\Product.model.ts","statementMap":{"0":{"start":{"line":1,"column":0},"end":{"line":1,"column":79}},"1":{"start":{"line":7,"column":0},"end":{"line":25,"column":null}},"2":{"start":{"line":11,"column":10},"end":{"line":11,"column":null}},"3":{"start":{"line":17,"column":10},"end":{"line":17,"column":null}},"4":{"start":{"line":24,"column":10},"end":{"line":24,"column":null}},"5":{"start":{"line":7,"column":6},"end":{"line":25,"column":null}},"6":{"start":{"line":27,"column":0},"end":{"line":27,"column":23}}},"fnMap":{},"branchMap":{},"s":{"0":2,"1":2,"2":2,"3":2,"4":2,"5":2,"6":2},"f":{},"b":{}}
}
