TN:
SF:src\router.ts
FN:34,(anonymous_0)
FN:52,(anonymous_1)
FNF:2
FNH:2
FNDA:4,(anonymous_0)
FNDA:5,(anonymous_1)
DA:1,3
DA:2,3
DA:4,3
DA:12,3
DA:14,3
DA:17,3
DA:19,3
DA:26,3
DA:34,4
DA:43,3
DA:52,5
DA:64,3
DA:71,3
DA:78,3
LF:14
LH:14
BRF:0
BRH:0
end_of_record
TN:
SF:src\server.ts
FN:10,connectToDatabase
FN:28,(anonymous_2)
FNF:2
FNH:2
FNDA:5,connectToDatabase
FNDA:1,(anonymous_2)
DA:1,3
DA:2,3
DA:4,3
DA:5,3
DA:7,3
DA:10,3
DA:11,5
DA:12,5
DA:13,2
DA:18,1
DA:22,3
DA:24,3
DA:26,3
DA:28,3
DA:29,1
DA:32,3
LF:16
LH:16
BRF:0
BRH:0
end_of_record
TN:
SF:src\config\db.ts
FNF:0
FNH:0
DA:1,2
DA:2,2
DA:4,2
DA:6,2
DA:17,2
LF:5
LH:5
BRF:0
BRH:0
end_of_record
TN:
SF:src\handlers\product.ts
FN:4,(anonymous_1)
FN:12,(anonymous_2)
FN:24,(anonymous_3)
FN:30,(anonymous_4)
FN:43,(anonymous_5)
FN:59,(anonymous_6)
FNF:6
FNH:6
FNDA:2,(anonymous_1)
FNDA:2,(anonymous_2)
FNDA:1,(anonymous_3)
FNDA:2,(anonymous_4)
FNDA:2,(anonymous_5)
FNDA:2,(anonymous_6)
DA:2,3
DA:4,3
DA:5,2
DA:9,2
DA:12,3
DA:14,2
DA:15,2
DA:17,2
DA:18,1
DA:21,1
DA:24,3
DA:26,1
DA:27,1
DA:30,3
DA:31,2
DA:32,2
DA:34,2
DA:35,1
DA:39,1
DA:40,1
DA:43,3
DA:47,2
DA:48,2
DA:50,2
DA:51,1
DA:55,1
DA:56,1
DA:59,3
DA:60,2
DA:61,2
DA:63,2
DA:64,1
DA:67,1
DA:68,1
LF:34
LH:34
BRDA:17,0,0,1
BRDA:17,0,1,1
BRDA:34,1,0,1
BRDA:34,1,1,1
BRDA:50,2,0,1
BRDA:50,2,1,1
BRDA:63,3,0,1
BRDA:63,3,1,1
BRF:8
BRH:8
end_of_record
TN:
SF:src\middleware\index.ts
FN:4,(anonymous_0)
FNF:1
FNH:1
FNDA:17,(anonymous_0)
DA:2,3
DA:4,3
DA:9,17
DA:10,17
DA:11,8
DA:13,9
LF:6
LH:6
BRDA:10,0,0,8
BRDA:10,0,1,9
BRF:2
BRH:2
end_of_record
TN:
SF:src\models\Product.model.ts
FNF:0
FNH:0
DA:1,3
DA:7,3
DA:11,3
DA:17,3
DA:24,3
DA:27,3
LF:6
LH:6
BRF:0
BRH:0
end_of_record
